<?xml version="1.0" encoding="UTF-8"?>
<testng-results ignored="0" total="2" passed="2" failed="0" skipped="0">
  <reporter-output>
  </reporter-output>
  <suite started-at="2022-10-20T23:57:59 ART" name="Default suite" finished-at="2022-10-21T00:00:27 ART" duration-ms="147673">
    <groups>
    </groups>
    <test started-at="2022-10-20T23:57:59 ART" name="Default test" finished-at="2022-10-21T00:00:27 ART" duration-ms="147673">
      <class name="org.quality.practica.PracticaTestNG">
        <test-method is-config="true" signature="beforeClass()[pri:0, instance:org.quality.practica.PracticaTestNG@747ddf94]" started-at="2022-10-20T23:57:59 ART" name="beforeClass" finished-at="2022-10-20T23:58:24 ART" duration-ms="24942" status="PASS">
          <reporter-output>
          </reporter-output>
        </test-method> <!-- beforeClass -->
        <test-method signature="testTextoBlack()[pri:0, instance:org.quality.practica.PracticaTestNG@747ddf94]" started-at="2022-10-20T23:58:24 ART" name="testTextoBlack" finished-at="2022-10-20T23:59:19 ART" duration-ms="54229" status="PASS">
          <reporter-output>
          </reporter-output>
        </test-method> <!-- testTextoBlack -->
        <test-method signature="testTextoBlue()[pri:0, instance:org.quality.practica.PracticaTestNG@747ddf94]" started-at="2022-10-20T23:59:19 ART" name="testTextoBlue" finished-at="2022-10-21T00:00:27 ART" duration-ms="68073" status="PASS">
          <reporter-output>
          </reporter-output>
        </test-method> <!-- testTextoBlue -->
        <test-method is-config="true" signature="afterClass()[pri:0, instance:org.quality.practica.PracticaTestNG@747ddf94]" started-at="2022-10-21T00:00:27 ART" name="afterClass" finished-at="2022-10-21T00:00:27 ART" duration-ms="314" status="PASS">
          <reporter-output>
          </reporter-output>
        </test-method> <!-- afterClass -->
      </class> <!-- org.quality.practica.PracticaTestNG -->
    </test> <!-- Default test -->
  </suite> <!-- Default suite -->
</testng-results>
