<?xml version="1.0" encoding="UTF-8"?>
<testng-results ignored="0" total="2" passed="2" failed="0" skipped="0">
  <reporter-output>
  </reporter-output>
  <suite started-at="2022-10-22T00:09:02 ART" name="Suite" finished-at="2022-10-22T00:10:12 ART" duration-ms="70141">
    <groups>
    </groups>
    <test started-at="2022-10-22T00:09:02 ART" name="Test" finished-at="2022-10-22T00:10:12 ART" duration-ms="70141">
      <class name="org.quality.practica.PracticaTestNG">
        <test-method is-config="true" signature="beforeClass()[pri:0, instance:org.quality.practica.PracticaTestNG@18078bef]" started-at="2022-10-22T00:09:02 ART" name="beforeClass" finished-at="2022-10-22T00:09:28 ART" duration-ms="26836" status="PASS">
          <reporter-output>
          </reporter-output>
        </test-method> <!-- beforeClass -->
        <test-method signature="testTextoBlack()[pri:0, instance:org.quality.practica.PracticaTestNG@18078bef]" started-at="2022-10-22T00:09:29 ART" name="testTextoBlack" finished-at="2022-10-22T00:09:54 ART" duration-ms="25112" status="PASS">
          <reporter-output>
          </reporter-output>
        </test-method> <!-- testTextoBlack -->
        <test-method signature="testTextoBlue()[pri:0, instance:org.quality.practica.PracticaTestNG@18078bef]" started-at="2022-10-22T00:09:54 ART" name="testTextoBlue" finished-at="2022-10-22T00:10:11 ART" duration-ms="17541" status="PASS">
          <reporter-output>
          </reporter-output>
        </test-method> <!-- testTextoBlue -->
        <test-method is-config="true" signature="afterClass()[pri:0, instance:org.quality.practica.PracticaTestNG@18078bef]" started-at="2022-10-22T00:10:11 ART" name="afterClass" finished-at="2022-10-22T00:10:12 ART" duration-ms="462" status="PASS">
          <reporter-output>
          </reporter-output>
        </test-method> <!-- afterClass -->
      </class> <!-- org.quality.practica.PracticaTestNG -->
    </test> <!-- Test -->
  </suite> <!-- Suite -->
</testng-results>
